make all --print-data-base --no-builtin-variables --no-builtin-rules --question
# GNU Make 3.81
# Copyright (C) 2006  Free Software Foundation, Inc.
# This is free software; see the source for copying conditions.
# There is NO warranty; not even for MERCHANTABILITY or FITNESS FOR A
# PARTICULAR PURPOSE.

# This program built for i386-apple-darwin11.3.0

# Make data base, printed on Sat Aug 20 17:06:20 2022

# Variables

# automatic
<D = $(patsubst %/,%,$(dir $<))
# automatic
?F = $(notdir $?)
# environment
ELECTRON_NO_ATTACH_CONSOLE = 1
# environment
LC_CTYPE = UTF-8
# automatic
?D = $(patsubst %/,%,$(dir $?))
# automatic
@D = $(patsubst %/,%,$(dir $@))
# automatic
@F = $(notdir $@)
# makefile
CURDIR := /Users/emircengiz/Documents/c/ellegro
# makefile
SHELL = /bin/sh
# environment
VSCODE_NLS_CONFIG = {"locale":"en-us","availableLanguages":{},"_languagePackSupport":true}
# environment
_ = /usr/bin/make
# makefile (from `makefile', line 1)
MAKEFILE_LIST :=  makefile
# environment
__CFBundleIdentifier = com.microsoft.VSCode
# environment
VSCODE_CWD = /Users/emircengiz/Documents/c/ellegro
# environment
PATH = /usr/local/opt/llvm@11/bin:/Applications/love.app/Contents/MacOS/:/Users/emircengiz/.mint/bin:/Users/emircengiz/zls:/Users/emircengiz/odin:/Users/emircengiz/4coder:/usr/local/anaconda3/bin:/opt/local/bin:/opt/local/sbin:/Library/Frameworks/Python.framework/Versions/3.10/bin:/Library/Frameworks/Python.framework/Versions/3.9/bin:/usr/local/bin:/usr/bin:/bin:/usr/sbin:/sbin:/Users/emircengiz/zig0.10:/Users/emircengiz/VulkanSDK/1.3.204.0/macOS/bin/:/usr/local/go/bin:/usr/local/share/dotnet:/opt/X11/bin:~/.dotnet/tools:/Library/Apple/usr/bin://Library/Developer/Panda3D/bin:/Library/Frameworks/Mono.framework/Versions/Current/Commands:/Users/emircengiz/.cargo/bin:/Users/emircengiz/.fig/bin:/Users/emircengiz/.local/bin
# environment
LSCOLORS = Gxfxcxdxbxegedabagacad
# environment
ELECTRON_RUN_AS_NODE = 1
# default
.FEATURES := target-specific order-only second-expansion else-if archives jobserver check-symlink
# environment
SSH_AUTH_SOCK = /private/tmp/com.apple.launchd.qrCzw286uq/Listeners
# automatic
%F = $(notdir $%)
# environment
DISPLAY = /private/tmp/com.apple.launchd.N3dlqLnq8k/org.xquartz:0
# environment
MGFXC_WINE_PATH = /Users/emircengiz/.winemonogame
# environment
TTY = /dev/ttys001
# environment
FIG_PID = 95556
# environment
PWD = /Users/emircengiz/Documents/c/ellegro
# environment
ORIGINAL_XDG_CURRENT_DESKTOP = undefined
# environment
VSCODE_AMD_ENTRYPOINT = vs/workbench/api/node/extensionHostProcess
# environment
HOME = /Users/emircengiz
# default
MAKEFILEPATH = $(shell /usr/bin/xcode-select -print-path 2>/dev/null || echo /Developer)/Makefiles
# environment
VSCODE_CLI = 1
# environment
VSCODE_CODE_CACHE_PATH = /Users/emircengiz/Library/Application Support/Code/CachedData/e4503b30fc78200f846c62cf8091b76ff5547662
# environment
LOGNAME = emircengiz
# environment
APPLICATION_INSIGHTS_NO_DIAGNOSTIC_CHANNEL = true
# environment
ZSH = /Users/emircengiz/.local/share/fig/plugins/ohmyzsh
# environment
VSCODE_HANDLES_UNCAUGHT_ERRORS = true
# automatic
^D = $(patsubst %/,%,$(dir $^))
# environment
XPC_FLAGS = 0x0
# default
MAKE = $(MAKE_COMMAND)
# default
MAKECMDGOALS := all
# environment
SHLVL = 3
# environment
FIG_TERM = 1
# default
MAKE_VERSION := 3.81
# environment
USER = emircengiz
# environment
FIG_TERM_VERSION = 5.1.0
# environment
TERM_SESSION_ID = 1019F5B2-11DF-45C3-AE45-A325335EEF9B
# environment
LESS = -R
# automatic
%D = $(patsubst %/,%,$(dir $%))
# environment
FIG_INTEGRATION_VERSION = 8
# default
MAKE_COMMAND := /Library/Developer/CommandLineTools/usr/bin/make
# environment
TERM_PROGRAM = Apple_Terminal
# default
.VARIABLES := 
# environment
TMPDIR = /var/folders/16/f15q_q_j15q14d0qcvvxm71w0000gn/T/
# automatic
*F = $(notdir $*)
# environment
VSCODE_IPC_HOOK = /Users/emircengiz/Library/Application Support/Code/1.70.2-main.sock
# environment
MallocNanoZone = 0
# makefile
MAKEFLAGS = Rrqp
# environment
MFLAGS = -Rrqp
# automatic
*D = $(patsubst %/,%,$(dir $*))
# environment
TERM_PROGRAM_VERSION = 445
# environment
XPC_SERVICE_NAME = application.com.microsoft.VSCode.15058384.15058390.D2C2776D-4A4C-4E8E-B26E-B7E2A1410B88
# automatic
+D = $(patsubst %/,%,$(dir $+))
# automatic
+F = $(notdir $+)
# environment
__CF_USER_TEXT_ENCODING = 0x1F5:0x0:0x0
# environment
COMMAND_MODE = unix2003
# default
MAKEFILES := 
# automatic
<F = $(notdir $<)
# environment
PAGER = less
# environment
LC_ALL = C
# automatic
^F = $(notdir $^)
# default
SUFFIXES := 
# default
.INCLUDE_DIRS = /usr/local/include
# environment
MAKELEVEL := 0
# makefile
.DEFAULT_GOAL := all
# environment
LANG = C
# environment
TERM = xterm-256color
# environment
VSCODE_PID = 1391
# variable set hash-table stats:
# Load=76/1024=7%, Rehash=0, Collisions=3/103=3%

# Pattern-specific Variable Values

# No pattern-specific variable values.

# Directories

# . (device 16777223, inode 15038972): 8 files, no impossibilities.
# src (device 16777223, inode 15051395): 3 files, no impossibilities.

# 11 files, no impossibilities in 2 directories.

# Implicit Rules

# No implicit rules.

# Files

all: build run clean
#  Command-line target.
#  Implicit rule search has been done.
#  File does not exist.
#  File has been updated.
#  Needs to be updated (-q is set).
# variable set hash-table stats:
# Load=0/32=0%, Rehash=0, Collisions=0/3=0%

# Not a target:
.SUFFIXES:
#  Implicit rule search has not been done.
#  Modification time never checked.
#  File has not been updated.

# Not a target:
makefile:
#  Implicit rule search has been done.
#  Last modified 2022-08-20 11:44:09
#  File has been updated.
#  Successfully updated.
# variable set hash-table stats:
# Load=0/32=0%, Rehash=0, Collisions=0/0=0%

build: src/main.c
#  Implicit rule search has not been done.
#  Implicit/static pattern stem: `'
#  File does not exist.
#  File has been updated.
#  Needs to be updated (-q is set).
# automatic
# @ := build
# automatic
# % := 
# automatic
# * := 
# automatic
# + := src/main.c
# automatic
# | := 
# automatic
# < := src/main.c
# automatic
# ^ := src/main.c
# automatic
# ? := src/main.c
# variable set hash-table stats:
# Load=8/32=25%, Rehash=0, Collisions=1/11=9%
#  commands to execute (from `makefile', line 5):
	gcc -c ./src/*.c
	mkdir -p build && mv ./*.o ./build
	cp -r ./resources ./build
	gcc ./build/*.o -o ./build/main $(pkg-config –cflags –libs allegro-5) -lallegro -lallegro_main -lallegro_font -lallegro_image -lallegro_primitives
	chmod 755 ./build/main
	

# Not a target:
src/main.c:
#  Implicit rule search has been done.
#  Last modified 2022-08-20 11:39:38
#  File has been updated.
#  Successfully updated.
# variable set hash-table stats:
# Load=0/32=0%, Rehash=0, Collisions=0/0=0%

# Not a target:
.DEFAULT:
#  Implicit rule search has not been done.
#  Modification time never checked.
#  File has not been updated.

run: build
#  Implicit rule search has not been done.
#  Modification time never checked.
#  File has not been updated.
#  commands to execute (from `makefile', line 15):
	./build/main -AppleMagnifiedMode YES
	

clean:
#  Implicit rule search has not been done.
#  Modification time never checked.
#  File has not been updated.
#  commands to execute (from `makefile', line 12):
	rm -rf build
	

# files hash-table stats:
# Load=8/1024=1%, Rehash=0, Collisions=0/27=0%
# VPATH Search Paths

# No `vpath' search paths.

# No general (`VPATH' variable) search path.

# # of strings in strcache: 1
# # of strcache buffers: 1
# strcache size: total = 4096 / max = 4096 / min = 4096 / avg = 4096
# strcache free: total = 4087 / max = 4087 / min = 4087 / avg = 4087

# Finished Make data base on Sat Aug 20 17:06:20 2022

 
